<?xml version="1.0" encoding="UTF-8"?>
<!-- Generated by org.testng.reporters.JUnitXMLReporter -->
<testsuite ignored="0" hostname="Eyobs-MacBook-Air.local" failures="0" tests="17" name="My Tests" time="28.347" errors="0" timestamp="2025-09-16T14:16:21 PDT">
  <testcase classname="Tests.HomePageTest" name="homePageValidation" time="0.011"/>
  <testcase classname="Tests.LoginPageTest" name="loginWithWrongUseNameAndPasswordTest" time="2.781"/>
  <testcase classname="Tests.RegistrationPageTest" name="userNameRequiredTest" time="2.772"/>
  <testcase classname="Tests.RegistrationPageTest" name="emailRequiredTest" time="0.997"/>
  <testcase classname="Tests.LoginPageTest" name="loginWithWrongPasswordTest" time="1.352"/>
  <testcase classname="Tests.HomePageTest" name="navigateToLoginAndRegistrationPageTest" time="0.856"/>
  <testcase classname="Tests.LoginPageTest" name="loginUserNameRequiredTest" time="1.214"/>
  <testcase classname="Tests.HomePageTest" name="navigateToMacPageTest" time="0.47"/>
  <testcase classname="Tests.RegistrationPageTest" name="passwordRequiredTest" time="1.135"/>
  <testcase classname="Tests.LoginPageTest" name="loginPasswordRequiredTest" time="1.109"/>
  <testcase classname="Tests.HomePageTest" name="navigateToIPhonePageTest" time="0.569"/>
  <testcase classname="Tests.RegistrationPageTest" name="privacyPolicyPageValidation" time="0.612"/>
  <testcase classname="Tests.RegistrationPageTest" name="doRegistrationTest" time="2.768"/>
  <testcase classname="Tests.LoginPageTest" name="forgotPasswordTest" time="2.259"/>
  <testcase classname="Tests.HomePageTest" name="navigateToWatchPageTest" time="0.674"/>
  <testcase classname="Tests.LoginPageTest" name="LoginTest" time="1.478"/>
  <testcase classname="Tests.HomePageTest" name="navigateToAccessoriesPageTest" time="0.51"/>
</testsuite> <!-- My Tests -->
