<?xml version="1.0" encoding="UTF-8"?>
<!-- Generated by org.testng.reporters.JUnitXMLReporter -->
<testsuite ignored="0" hostname="Eyobs-MacBook-Air.local" failures="0" tests="29" name="My Tests" time="91.161" errors="0" timestamp="2025-09-23T10:36:27 PDT">
  <testcase classname="Tests.AddProductPageTest" name="addProductTest" time="4.905"/>
  <testcase classname="Tests.CheckoutPageTest" name="doCheckoutTest" time="6.637"/>
  <testcase classname="Tests.EndToEndTest" name="doEndToEndTest" time="7.12"/>
  <testcase classname="Tests.IPhonePageTest" name="doIPhoneAddToCartTest" time="3.921"/>
  <testcase classname="Tests.WatchPageTest" name="doWatchAddToCartTest" time="2.777"/>
  <testcase classname="Tests.HomePageTest" name="homePageValidation" time="0.001"/>
  <testcase classname="Tests.LoginPageTest" name="loginWithWrongUseNameAndPasswordTest" time="1.261"/>
  <testcase classname="Tests.RegistrationPageTest" name="userNameRequiredTest" time="1.937"/>
  <testcase classname="Tests.CartPageTest" name="validateCartPage" time="5.466"/>
  <testcase classname="Tests.DashboardPageTest" name="validateDashboardPage" time="2.979"/>
  <testcase classname="Tests.RegistrationPageTest" name="emailRequiredTest" time="1.924"/>
  <testcase classname="Tests.LoginPageTest" name="loginWithWrongPasswordTest" time="1.193"/>
  <testcase classname="Tests.DashboardPageTest" name="navigateToAccountDetailsPage" time="2.208"/>
  <testcase classname="Tests.HomePageTest" name="navigateToLoginAndRegistrationPageTest" time="0.669"/>
  <testcase classname="Tests.CartPageTest" name="selectedProductIsDisplayedInCartTest" time="3.357"/>
  <testcase classname="Tests.LoginPageTest" name="loginUserNameRequiredTest" time="1.168"/>
  <testcase classname="Tests.HomePageTest" name="navigateToMacPageTest" time="0.565"/>
  <testcase classname="Tests.RegistrationPageTest" name="passwordRequiredTest" time="1.231"/>
  <testcase classname="Tests.LoginPageTest" name="loginPasswordRequiredTest" time="1.008"/>
  <testcase classname="Tests.HomePageTest" name="navigateToIPhonePageTest" time="0.541"/>
  <testcase classname="Tests.RegistrationPageTest" name="privacyPolicyPageValidation" time="0.568"/>
  <testcase classname="Tests.RegistrationPageTest" name="doRegistrationTest" time="1.991"/>
  <testcase classname="Tests.LoginPageTest" name="forgotPasswordTest" time="2.284"/>
  <testcase classname="Tests.HomePageTest" name="navigateToWatchPageTest" time="0.717"/>
  <testcase classname="Tests.LoginPageTest" name="doLoginTest" time="2.908"/>
  <testcase classname="Tests.HomePageTest" name="navigateToAccessoriesPageTest" time="0.65"/>
  <testcase classname="Tests.LoginPageTest" name="navigateToAccountDetailsPageTest" time="3.4"/>
  <testcase classname="Tests.LoginPageTest" name="navigateToAddProductPageTest" time="3.788"/>
  <testcase classname="Tests.LoginPageTest" name="doLogoutTest" time="3.201"/>
</testsuite> <!-- My Tests -->
